<?xml version="1.0" encoding="UTF-8"?>
<robot generator="Robot 3.2.2 (Python 3.8.6 on win32)" generated="20210116 22:49:18.911" rpa="false">
<suite id="s1" name="TestCases" source="C:\Users\Manasa\PycharmProjects\Flipkart\Tests\TestCases.robot">
<test id="s1-t1" name="User should be able to add the electronic device to the cart">
<kw name="Open Flipkart with a valid mobile number" library="Automate">
<kw name="Open Browser" library="SeleniumLibrary">
<doc>Opens a new browser instance to the optional ``url``.</doc>
<arguments>
<arg>${url_flipkart}</arg>
<arg>${browser}</arg>
</arguments>
<msg timestamp="20210116 22:49:19.096" level="INFO">Opening browser 'gc' to base url 'https://www.flipkart.com/'.</msg>
<status status="PASS" starttime="20210116 22:49:19.096" endtime="20210116 22:49:23.859"></status>
</kw>
<kw name="Maximize Browser Window" library="SeleniumLibrary">
<doc>Maximizes current browser window.</doc>
<status status="PASS" starttime="20210116 22:49:23.859" endtime="20210116 22:49:25.985"></status>
</kw>
<kw name="Sleep" library="BuiltIn">
<doc>Pauses the test executed for the given time.</doc>
<arguments>
<arg>1s</arg>
</arguments>
<msg timestamp="20210116 22:49:26.988" level="INFO">Slept 1 second</msg>
<status status="PASS" starttime="20210116 22:49:25.985" endtime="20210116 22:49:26.988"></status>
</kw>
<kw name="Press Keys" library="SeleniumLibrary">
<doc>Simulates the user pressing key(s) to an element or on the active browser.</doc>
<arguments>
<arg>${mobile_number}</arg>
<arg>9035931997</arg>
</arguments>
<msg timestamp="20210116 22:49:26.990" level="INFO">Sending key(s) ('9035931997',) to xpath=//*[contains(text(),'Enter Email/Mobile number')] element.</msg>
<msg timestamp="20210116 22:49:27.295" level="INFO">Sending keys 9035931997</msg>
<status status="PASS" starttime="20210116 22:49:26.988" endtime="20210116 22:49:27.354"></status>
</kw>
<kw name="Press Keys" library="SeleniumLibrary">
<doc>Simulates the user pressing key(s) to an element or on the active browser.</doc>
<arguments>
<arg>${Password}</arg>
<arg>Manu@1997</arg>
</arguments>
<msg timestamp="20210116 22:49:27.355" level="INFO">Sending key(s) ('Manu@1997',) to xpath=//*[contains(text(),'Enter Password')] element.</msg>
<msg timestamp="20210116 22:49:27.641" level="INFO">Sending keys Manu@1997</msg>
<status status="PASS" starttime="20210116 22:49:27.354" endtime="20210116 22:49:27.695"></status>
</kw>
<kw name="Sleep" library="BuiltIn">
<doc>Pauses the test executed for the given time.</doc>
<arguments>
<arg>3s</arg>
</arguments>
<msg timestamp="20210116 22:49:30.697" level="INFO">Slept 3 seconds</msg>
<status status="PASS" starttime="20210116 22:49:27.695" endtime="20210116 22:49:30.697"></status>
</kw>
<kw name="Click Element" library="SeleniumLibrary">
<doc>Click the element identified by ``locator``.</doc>
<arguments>
<arg>${Login}</arg>
</arguments>
<msg timestamp="20210116 22:49:30.698" level="INFO">Clicking element 'xpath=/html/body/div[2]/div/div/div/div/div[2]/div/form/div[3]/button/span'.</msg>
<status status="PASS" starttime="20210116 22:49:30.697" endtime="20210116 22:49:30.765"></status>
</kw>
<kw name="Execute Javascript" library="SeleniumLibrary">
<doc>Executes the given JavaScript code with possible arguments.</doc>
<arguments>
<arg>window.scrollTo(0, 500)</arg>
</arguments>
<msg timestamp="20210116 22:49:30.766" level="INFO">Executing JavaScript:
window.scrollTo(0, 500)
Without any arguments.</msg>
<status status="PASS" starttime="20210116 22:49:30.765" endtime="20210116 22:49:30.778"></status>
</kw>
<kw name="Sleep" library="BuiltIn">
<doc>Pauses the test executed for the given time.</doc>
<arguments>
<arg>1s</arg>
</arguments>
<msg timestamp="20210116 22:49:31.780" level="INFO">Slept 1 second</msg>
<status status="PASS" starttime="20210116 22:49:30.778" endtime="20210116 22:49:31.780"></status>
</kw>
<kw name="Log To Console" library="BuiltIn">
<doc>Logs the given message to the console.</doc>
<arguments>
<arg>Login Successful!!!</arg>
</arguments>
<status status="PASS" starttime="20210116 22:49:31.780" endtime="20210116 22:49:31.781"></status>
</kw>
<status status="PASS" starttime="20210116 22:49:19.096" endtime="20210116 22:49:31.781"></status>
</kw>
<kw name="Navigate to Electronics category" library="Automate">
<kw name="Mouse Over" library="SeleniumLibrary">
<doc>Simulates hovering the mouse over the element ``locator``.</doc>
<arguments>
<arg>${Electronics}</arg>
</arguments>
<msg timestamp="20210116 22:49:31.781" level="INFO">Simulating Mouse Over on element 'xpath=//*[@id="container"]/div/div[2]/div/div/span[1]'.</msg>
<status status="PASS" starttime="20210116 22:49:31.781" endtime="20210116 22:49:32.083"></status>
</kw>
<kw name="Sleep" library="BuiltIn">
<doc>Pauses the test executed for the given time.</doc>
<arguments>
<arg>4s</arg>
</arguments>
<msg timestamp="20210116 22:49:36.084" level="INFO">Slept 4 seconds</msg>
<status status="PASS" starttime="20210116 22:49:32.083" endtime="20210116 22:49:36.084"></status>
</kw>
<kw name="Log To Console" library="BuiltIn">
<doc>Logs the given message to the console.</doc>
<arguments>
<arg>Selected the Electronics category</arg>
</arguments>
<status status="PASS" starttime="20210116 22:49:36.084" endtime="20210116 22:49:36.085"></status>
</kw>
<status status="PASS" starttime="20210116 22:49:31.781" endtime="20210116 22:49:36.085"></status>
</kw>
<kw name="Select the electronic device" library="Automate">
<kw name="Click Element" library="SeleniumLibrary">
<doc>Click the element identified by ``locator``.</doc>
<arguments>
<arg>${Hard_disk}</arg>
</arguments>
<msg timestamp="20210116 22:49:36.087" level="INFO">Clicking element 'xpath=//*[@id="container"]/div/div[2]/div/div/div/div[3]/a[6]'.</msg>
<status status="PASS" starttime="20210116 22:49:36.086" endtime="20210116 22:49:36.175"></status>
</kw>
<kw name="Sleep" library="BuiltIn">
<doc>Pauses the test executed for the given time.</doc>
<arguments>
<arg>4s</arg>
</arguments>
<msg timestamp="20210116 22:49:40.178" level="INFO">Slept 4 seconds</msg>
<status status="PASS" starttime="20210116 22:49:36.176" endtime="20210116 22:49:40.178"></status>
</kw>
<kw name="Click Element" library="SeleniumLibrary">
<doc>Click the element identified by ``locator``.</doc>
<arguments>
<arg>${Device}</arg>
</arguments>
<msg timestamp="20210116 22:49:40.179" level="INFO">Clicking element 'xpath=//*[@id="container"]/div/div[3]/div[3]/div/div[2]/div[6]/div/div[2]/div[1]/div[2]/a/div[1]/div'.</msg>
<status status="PASS" starttime="20210116 22:49:40.178" endtime="20210116 22:49:40.298"></status>
</kw>
<kw name="Sleep" library="BuiltIn">
<doc>Pauses the test executed for the given time.</doc>
<arguments>
<arg>4s</arg>
</arguments>
<msg timestamp="20210116 22:49:44.300" level="INFO">Slept 4 seconds</msg>
<status status="PASS" starttime="20210116 22:49:40.298" endtime="20210116 22:49:44.300"></status>
</kw>
<kw name="Log To Console" library="BuiltIn">
<doc>Logs the given message to the console.</doc>
<arguments>
<arg>Selected the Device successfully!!!</arg>
</arguments>
<status status="PASS" starttime="20210116 22:49:44.300" endtime="20210116 22:49:44.301"></status>
</kw>
<status status="PASS" starttime="20210116 22:49:36.086" endtime="20210116 22:49:44.301"></status>
</kw>
<kw name="Add the device to cart" library="Automate">
<kw name="Select Window" library="SeleniumLibrary">
<doc>DEPRECATED in SeleniumLibrary 4.0. , use `Switch Window` instead.</doc>
<arguments>
<arg>title=Seagate Ultra Touch 2 TB External Hard Disk Drive - Seagate : Flipkart.com</arg>
</arguments>
<status status="PASS" starttime="20210116 22:49:44.302" endtime="20210116 22:49:46.433"></status>
</kw>
<kw name="Click Element" library="SeleniumLibrary">
<doc>Click the element identified by ``locator``.</doc>
<arguments>
<arg>${Add_to_cart}</arg>
</arguments>
<msg timestamp="20210116 22:49:46.433" level="INFO">Clicking element 'xpath=//*[@id="container"]/div/div[3]/div[1]/div[1]/div[2]/div/ul/li[1]/button'.</msg>
<status status="PASS" starttime="20210116 22:49:46.433" endtime="20210116 22:49:46.511"></status>
</kw>
<kw name="Sleep" library="BuiltIn">
<doc>Pauses the test executed for the given time.</doc>
<arguments>
<arg>3s</arg>
</arguments>
<msg timestamp="20210116 22:49:49.512" level="INFO">Slept 3 seconds</msg>
<status status="PASS" starttime="20210116 22:49:46.512" endtime="20210116 22:49:49.512"></status>
</kw>
<kw name="Log To Console" library="BuiltIn">
<doc>Logs the given message to the console.</doc>
<arguments>
<arg>Added the item to the cart</arg>
</arguments>
<status status="PASS" starttime="20210116 22:49:49.512" endtime="20210116 22:49:49.513"></status>
</kw>
<status status="PASS" starttime="20210116 22:49:44.302" endtime="20210116 22:49:49.514"></status>
</kw>
<kw name="Go to cart and verify if the item is added in the cart" library="Automate">
<kw name="Select Window" library="SeleniumLibrary">
<doc>DEPRECATED in SeleniumLibrary 4.0. , use `Switch Window` instead.</doc>
<arguments>
<arg>title=External Hard Disks - Buy External Hard Disks and SSDs Online at Best Prices | Flipkart.com</arg>
</arguments>
<status status="PASS" starttime="20210116 22:49:49.515" endtime="20210116 22:49:49.576"></status>
</kw>
<kw name="Sleep" library="BuiltIn">
<doc>Pauses the test executed for the given time.</doc>
<arguments>
<arg>4s</arg>
</arguments>
<msg timestamp="20210116 22:49:53.577" level="INFO">Slept 4 seconds</msg>
<status status="PASS" starttime="20210116 22:49:49.576" endtime="20210116 22:49:53.577"></status>
</kw>
<kw name="Click Element" library="SeleniumLibrary">
<doc>Click the element identified by ``locator``.</doc>
<arguments>
<arg>${Verify_cart}</arg>
</arguments>
<msg timestamp="20210116 22:49:53.578" level="INFO">Clicking element 'xpath=//*[@id="container"]/div/div[1]/div[1]/div[2]/div[5]/div/div/a'.</msg>
<status status="PASS" starttime="20210116 22:49:53.577" endtime="20210116 22:49:53.644"></status>
</kw>
<kw name="Sleep" library="BuiltIn">
<doc>Pauses the test executed for the given time.</doc>
<arguments>
<arg>4s</arg>
</arguments>
<msg timestamp="20210116 22:49:57.646" level="INFO">Slept 4 seconds</msg>
<status status="PASS" starttime="20210116 22:49:53.645" endtime="20210116 22:49:57.646"></status>
</kw>
<kw name="Log To Console" library="BuiltIn">
<doc>Logs the given message to the console.</doc>
<arguments>
<arg>Successfully verified the item in the cart</arg>
</arguments>
<status status="PASS" starttime="20210116 22:49:57.646" endtime="20210116 22:49:57.648"></status>
</kw>
<status status="PASS" starttime="20210116 22:49:49.514" endtime="20210116 22:49:57.648"></status>
</kw>
<tags>
<tag>sanity</tag>
</tags>
<status status="PASS" starttime="20210116 22:49:19.095" endtime="20210116 22:49:57.649" critical="yes"></status>
</test>
<status status="PASS" starttime="20210116 22:49:18.913" endtime="20210116 22:49:57.651"></status>
</suite>
<statistics>
<total>
<stat pass="1" fail="0">Critical Tests</stat>
<stat pass="1" fail="0">All Tests</stat>
</total>
<tag>
<stat pass="1" fail="0">sanity</stat>
</tag>
<suite>
<stat pass="1" fail="0" id="s1" name="TestCases">TestCases</stat>
</suite>
</statistics>
<errors>
</errors>
</robot>
